# JRE version: OpenJDK Runtime Environment (8.0_191-b12) (build 1.8.0_191-8u191-b12-0ubuntu0.16.04.1-b12)
# Java VM: OpenJDK 64-Bit Server VM (25.191-b12 mixed mode linux-amd64 compressed oops)
Heap:
 PSYoungGen      total 32256K, used 22180K [0x00000000ee400000, 0x00000000f0700000, 0x0000000100000000)
  eden space 28672K, 66% used [0x00000000ee400000,0x00000000ef6a9240,0x00000000f0000000)
  from space 3584K, 85% used [0x00000000f0380000,0x00000000f0680000,0x00000000f0700000)
  to   space 3584K, 0% used [0x00000000f0000000,0x00000000f0000000,0x00000000f0380000)
 ParOldGen       total 36864K, used 5604K [0x00000000cac00000, 0x00000000cd000000, 0x00000000ee400000)
  object space 36864K, 15% used [0x00000000cac00000,0x00000000cb1793e0,0x00000000cd000000)
 Metaspace       used 15981K, capacity 16228K, committed 16512K, reserved 1064960K
  class space    used 1748K, capacity 1819K, committed 1920K, reserved 1048576K
GC Heap History (10 events):
Event: 3,822 GC heap before
{Heap before GC invocations=4 (full 0):
 PSYoungGen      total 16384K, used 16352K [0x00000000ee400000, 0x00000000ef600000, 0x0000000100000000)
  eden space 14336K, 100% used [0x00000000ee400000,0x00000000ef200000,0x00000000ef200000)
  from space 2048K, 98% used [0x00000000ef200000,0x00000000ef3f8020,0x00000000ef400000)
  to   space 2048K, 0% used [0x00000000ef400000,0x00000000ef400000,0x00000000ef600000)
 ParOldGen       total 36864K, used 2609K [0x00000000cac00000, 0x00000000cd000000, 0x00000000ee400000)
  object space 36864K, 7% used [0x00000000cac00000,0x00000000cae8c528,0x00000000cd000000)
 Metaspace       used 15182K, capacity 15428K, committed 15616K, reserved 1062912K
  class space    used 1726K, capacity 1787K, committed 1792K, reserved 1048576K
Event: 3,830 GC heap after
Heap after GC invocations=4 (full 0):
 PSYoungGen      total 16384K, used 2048K [0x00000000ee400000, 0x00000000f0400000, 0x0000000100000000)
  eden space 14336K, 0% used [0x00000000ee400000,0x00000000ee400000,0x00000000ef200000)
  from space 2048K, 100% used [0x00000000ef400000,0x00000000ef600000,0x00000000ef600000)
  to   space 2048K, 0% used [0x00000000ef200000,0x00000000ef200000,0x00000000ef400000)
 ParOldGen       total 36864K, used 3457K [0x00000000cac00000, 0x00000000cd000000, 0x00000000ee400000)
  object space 36864K, 9% used [0x00000000cac00000,0x00000000caf60538,0x00000000cd000000)
 Metaspace       used 15182K, capacity 15428K, committed 15616K, reserved 1062912K
  class space    used 1726K, capacity 1787K, committed 1792K, reserved 1048576K
}
Event: 7,974 GC heap before
{Heap before GC invocations=5 (full 0):
 PSYoungGen      total 16384K, used 16384K [0x00000000ee400000, 0x00000000f0400000, 0x0000000100000000)
  eden space 14336K, 100% used [0x00000000ee400000,0x00000000ef200000,0x00000000ef200000)
  from space 2048K, 100% used [0x00000000ef400000,0x00000000ef600000,0x00000000ef600000)
  to   space 2048K, 0% used [0x00000000ef200000,0x00000000ef200000,0x00000000ef400000)
 ParOldGen       total 36864K, used 3457K [0x00000000cac00000, 0x00000000cd000000, 0x00000000ee400000)
  object space 36864K, 9% used [0x00000000cac00000,0x00000000caf60538,0x00000000cd000000)
 Metaspace       used 15709K, capacity 15972K, committed 16256K, reserved 1062912K
  class space    used 1739K, capacity 1819K, committed 1920K, reserved 1048576K
Event: 7,984 GC heap after
Heap after GC invocations=5 (full 0):
 PSYoungGen      total 16384K, used 2048K [0x00000000ee400000, 0x00000000ef900000, 0x0000000100000000)
  eden space 14336K, 0% used [0x00000000ee400000,0x00000000ee400000,0x00000000ef200000)
  from space 2048K, 100% used [0x00000000ef200000,0x00000000ef400000,0x00000000ef400000)
  to   space 3584K, 0% used [0x00000000ef580000,0x00000000ef580000,0x00000000ef900000)
 ParOldGen       total 36864K, used 4133K [0x00000000cac00000, 0x00000000cd000000, 0x00000000ee400000)
  object space 36864K, 11% used [0x00000000cac00000,0x00000000cb009698,0x00000000cd000000)
 Metaspace       used 15709K, capacity 15972K, committed 16256K, reserved 1062912K
  class space    used 1739K, capacity 1819K, committed 1920K, reserved 1048576K
}
Event: 8,346 GC heap before
{Heap before GC invocations=6 (full 0):
 PSYoungGen      total 16384K, used 16384K [0x00000000ee400000, 0x00000000ef900000, 0x0000000100000000)
  eden space 14336K, 100% used [0x00000000ee400000,0x00000000ef200000,0x00000000ef200000)
  from space 2048K, 100% used [0x00000000ef200000,0x00000000ef400000,0x00000000ef400000)
  to   space 3584K, 0% used [0x00000000ef580000,0x00000000ef580000,0x00000000ef900000)
 ParOldGen       total 36864K, used 4133K [0x00000000cac00000, 0x00000000cd000000, 0x00000000ee400000)
  object space 36864K, 11% used [0x00000000cac00000,0x00000000cb009698,0x00000000cd000000)
 Metaspace       used 15805K, capacity 16036K, committed 16256K, reserved 1062912K
  class space    used 1747K, capacity 1819K, committed 1920K, reserved 1048576K
Event: 8,358 GC heap after
Heap after GC invocations=6 (full 0):
 PSYoungGen      total 17920K, used 2816K [0x00000000ee400000, 0x00000000f0700000, 0x0000000100000000)
  eden space 14336K, 0% used [0x00000000ee400000,0x00000000ee400000,0x00000000ef200000)
  from space 3584K, 78% used [0x00000000ef580000,0x00000000ef840000,0x00000000ef900000)
  to   space 3584K, 0% used [0x00000000ef200000,0x00000000ef200000,0x00000000ef580000)
 ParOldGen       total 36864K, used 4141K [0x00000000cac00000, 0x00000000cd000000, 0x00000000ee400000)
  object space 36864K, 11% used [0x00000000cac00000,0x00000000cb00b698,0x00000000cd000000)
 Metaspace       used 15805K, capacity 16036K, committed 16256K, reserved 1062912K
  class space    used 1747K, capacity 1819K, committed 1920K, reserved 1048576K
}
Event: 8,776 GC heap before
{Heap before GC invocations=7 (full 0):
 PSYoungGen      total 17920K, used 17152K [0x00000000ee400000, 0x00000000f0700000, 0x0000000100000000)
  eden space 14336K, 100% used [0x00000000ee400000,0x00000000ef200000,0x00000000ef200000)
  from space 3584K, 78% used [0x00000000ef580000,0x00000000ef840000,0x00000000ef900000)
  to   space 3584K, 0% used [0x00000000ef200000,0x00000000ef200000,0x00000000ef580000)
 ParOldGen       total 36864K, used 4141K [0x00000000cac00000, 0x00000000cd000000, 0x00000000ee400000)
  object space 36864K, 11% used [0x00000000cac00000,0x00000000cb00b698,0x00000000cd000000)
 Metaspace       used 15865K, capacity 16100K, committed 16512K, reserved 1064960K
  class space    used 1747K, capacity 1819K, committed 1920K, reserved 1048576K
Event: 8,787 GC heap after
Heap after GC invocations=7 (full 0):
 PSYoungGen      total 17920K, used 2560K [0x00000000ee400000, 0x00000000f0700000, 0x0000000100000000)
  eden space 14336K, 0% used [0x00000000ee400000,0x00000000ee400000,0x00000000ef200000)
  from space 3584K, 71% used [0x00000000ef200000,0x00000000ef480000,0x00000000ef580000)
  to   space 3584K, 0% used [0x00000000f0380000,0x00000000f0380000,0x00000000f0700000)
 ParOldGen       total 36864K, used 5236K [0x00000000cac00000, 0x00000000cd000000, 0x00000000ee400000)
  object space 36864K, 14% used [0x00000000cac00000,0x00000000cb11d3e0,0x00000000cd000000)
 Metaspace       used 15865K, capacity 16100K, committed 16512K, reserved 1064960K
  class space    used 1747K, capacity 1819K, committed 1920K, reserved 1048576K
}
Event: 9,185 GC heap before
{Heap before GC invocations=8 (full 0):
 PSYoungGen      total 17920K, used 16896K [0x00000000ee400000, 0x00000000f0700000, 0x0000000100000000)
  eden space 14336K, 100% used [0x00000000ee400000,0x00000000ef200000,0x00000000ef200000)
  from space 3584K, 71% used [0x00000000ef200000,0x00000000ef480000,0x00000000ef580000)
  to   space 3584K, 0% used [0x00000000f0380000,0x00000000f0380000,0x00000000f0700000)
 ParOldGen       total 36864K, used 5236K [0x00000000cac00000, 0x00000000cd000000, 0x00000000ee400000)
  object space 36864K, 14% used [0x00000000cac00000,0x00000000cb11d3e0,0x00000000cd000000)
 Metaspace       used 15896K, capacity 16164K, committed 16512K, reserved 1064960K
  class space    used 1747K, capacity 1819K, committed 1920K, reserved 1048576K
Event: 9,196 GC heap after
Heap after GC invocations=8 (full 0):
 PSYoungGen      total 32256K, used 3072K [0x00000000ee400000, 0x00000000f0700000, 0x0000000100000000)
  eden space 28672K, 0% used [0x00000000ee400000,0x00000000ee400000,0x00000000f0000000)
  from space 3584K, 85% used [0x00000000f0380000,0x00000000f0680000,0x00000000f0700000)
  to   space 3584K, 0% used [0x00000000f0000000,0x00000000f0000000,0x00000000f0380000)
 ParOldGen       total 36864K, used 5604K [0x00000000cac00000, 0x00000000cd000000, 0x00000000ee400000)
  object space 36864K, 15% used [0x00000000cac00000,0x00000000cb1793e0,0x00000000cd000000)
 Metaspace       used 15896K, capacity 16164K, committed 16512K, reserved 1064960K
  class space    used 1747K, capacity 1819K, committed 1920K, reserved 1048576K
}

